Watching for file changes with StatReloader
Waiting for apps ready_event.
Apps ready_event triggered. Sending autoreload_started signal.
Watching dir C:\Users\bcamc\OneDrive\Desktop\Python\projects\django\coastlinefab\coastlinefab\templates with glob **/*.
Watching dir C:\Users\bcamc\miniconda3\lib\site-packages\material\templates with glob **/*.
Watching dir C:\Users\bcamc\OneDrive\Desktop\Python\projects\django\coastlinefab\contact\templates with glob **/*.
Watching dir C:\Users\bcamc\OneDrive\Desktop\Python\projects\django\coastlinefab\homepage\templates with glob **/*.
Watching dir C:\Users\bcamc\miniconda3\lib\site-packages\imagekit\templates with glob **/*.
Watching dir C:\Users\bcamc\OneDrive\Desktop\Python\projects\django\coastlinefab\app\templates with glob **/*.
File C:\Users\bcamc\miniconda3\Lib\concurrent\futures\__init__.py first seen with mtime 1675771545.0
File C:\Users\bcamc\miniconda3\Lib\stat.py first seen with mtime 1675771545.0
File C:\Users\bcamc\miniconda3\Lib\operator.py first seen with mtime 1675771545.0
File C:\Users\bcamc\miniconda3\Lib\sre_compile.py first seen with mtime 1675771545.0
File C:\Users\bcamc\miniconda3\Lib\wsgiref\headers.py first seen with mtime 1675771545.0
File C:\Users\bcamc\miniconda3\Lib\site-packages\django\db\models\utils.py first seen with mtime 1691213970.6246216
File C:\Users\bcamc\miniconda3\Lib\asyncio\events.py first seen with mtime 1675771545.0
File C:\Users\bcamc\miniconda3\Lib\numbers.py first seen with mtime 1675771545.0
File C:\Users\bcamc\miniconda3\DLLs\_socket.pyd first seen with mtime 1679688175.8336425
File C:\Users\bcamc\miniconda3\Lib\site-packages\django\utils\regex_helper.py first seen with mtime 1691213970.7448165
File C:\Users\bcamc\miniconda3\Lib\site-packages\django\utils\encoding.py first seen with mtime 1691213970.7378705
File C:\Users\bcamc\miniconda3\Lib\email\feedparser.py first seen with mtime 1675771545.0
File C:\Users\bcamc\miniconda3\Lib\site-packages\django\contrib\auth\checks.py first seen with mtime 1691213969.101269
File C:\Users\bcamc\miniconda3\Lib\site-packages\django\template\loaders\filesystem.py first seen with mtime 1691213970.7158923
File C:\Users\bcamc\miniconda3\Lib\pprint.py first seen with mtime 1675771545.0
File C:\Users\bcamc\miniconda3\Lib\site-packages\django\http\__init__.py first seen with mtime 1691213970.6949484
File C:\Users\bcamc\miniconda3\Lib\site-packages\imagekit\generatorlibrary.py first seen with mtime 1682275491.4230735
File C:\Users\bcamc\miniconda3\Lib\site-packages\django\contrib\auth\models.py first seen with mtime 1691213969.1062572
File C:\Users\bcamc\miniconda3\Lib\site-packages\sqlparse\engine\__init__.py first seen with mtime 1682275375.1404722
File C:\Users\bcamc\miniconda3\Lib\site-packages\imagekit\cachefiles\backends.py first seen with mtime 1682275491.4260654
File C:\Users\bcamc\miniconda3\Lib\site-packages\django\core\checks\urls.py first seen with mtime 1691213970.5313547
File C:\Users\bcamc\miniconda3\Lib\html\entities.py first seen with mtime 1675771545.0
File C:\Users\bcamc\miniconda3\Lib\site-packages\django\core\signing.py first seen with mtime 1691213970.5184004
File C:\Users\bcamc\miniconda3\Lib\concurrent\__init__.py first seen with mtime 1675771545.0
File C:\Users\bcamc\miniconda3\Lib\collections\abc.py first seen with mtime 1675771545.0
File C:\Users\bcamc\OneDrive\Desktop\Python\projects\django\CoastlineFab\manage.py first seen with mtime 1609097035.0
File C:\Users\bcamc\miniconda3\Lib\ipaddress.py first seen with mtime 1675771545.0
File C:\Users\bcamc\miniconda3\Lib\site-packages\imagekit\templatetags\imagekit.py first seen with mtime 1682275491.4375465
File C:\Users\bcamc\miniconda3\Lib\copy.py first seen with mtime 1675771545.0
File C:\Users\bcamc\miniconda3\Lib\site-packages\django\core\files\temp.py first seen with mtime 1691213970.5383375
File C:\Users\bcamc\miniconda3\Lib\site-packages\_distutils_hack\__init__.py first seen with mtime 1682069637.0
File C:\Users\bcamc\miniconda3\Lib\site-packages\django\apps\config.py first seen with mtime 1691213968.3970153
File C:\Users\bcamc\miniconda3\Lib\site-packages\django\contrib\admin\widgets.py first seen with mtime 1691213968.6327145
File C:\Users\bcamc\miniconda3\Lib\site-packages\django\core\checks\database.py first seen with mtime 1691213970.5283628
File C:\Users\bcamc\miniconda3\Lib\site-packages\django\views\generic\__init__.py first seen with mtime 1691213970.7602868
File C:\Users\bcamc\miniconda3\Lib\site-packages\django\contrib\contenttypes\admin.py first seen with mtime 1691213969.2538898
File C:\Users\bcamc\miniconda3\Lib\site-packages\django\forms\models.py first seen with mtime 1691213970.6425786
File C:\Users\bcamc\miniconda3\Lib\site-packages\imagekit\registry.py first seen with mtime 1682275491.4250681
File C:\Users\bcamc\miniconda3\Lib\site-packages\django\contrib\sites\__init__.py first seen with mtime 1691213970.3682685
File C:\Users\bcamc\miniconda3\Lib\site-packages\django\contrib\auth\decorators.py first seen with mtime 1691213969.1032639
File C:\Users\bcamc\miniconda3\Lib\site-packages\django\core\checks\model_checks.py first seen with mtime 1691213970.52936
File C:\Users\bcamc\miniconda3\Lib\site-packages\imagekit\signals.py first seen with mtime 1682275491.4250681
File C:\Users\bcamc\miniconda3\Lib\site-packages\django\contrib\messages\apps.py first seen with mtime 1691213969.9732616
File C:\Users\bcamc\miniconda3\Lib\site-packages\django\db\migrations\utils.py first seen with mtime 1691213970.611657
File C:\Users\bcamc\miniconda3\Lib\site-packages\django\middleware\csrf.py first seen with mtime 1691213970.7009332
File C:\Users\bcamc\miniconda3\Lib\site-packages\django\utils\topological_sort.py first seen with mtime 1691213970.7478085
File C:\Users\bcamc\miniconda3\Lib\site-packages\django\contrib\admin\views\__init__.py first seen with mtime 1691213968.9691072
File C:\Users\bcamc\miniconda3\Lib\site-packages\django\db\models\constants.py first seen with mtime 1691213970.6176403
File C:\Users\bcamc\miniconda3\Lib\random.py first seen with mtime 1675771545.0
File C:\Users\bcamc\miniconda3\Lib\site-packages\django\template\library.py first seen with mtime 1691213970.7079136
File C:\Users\bcamc\miniconda3\Lib\json\__init__.py first seen with mtime 1675771545.0
File C:\Users\bcamc\miniconda3\Lib\site-packages\django\contrib\admin\templatetags\base.py first seen with mtime 1691213968.9681103
File C:\Users\bcamc\miniconda3\Lib\_sitebuiltins.py first seen with mtime 1675771545.0
File C:\Users\bcamc\miniconda3\Lib\site-packages\django\contrib\staticfiles\utils.py first seen with mtime 1691213970.5104108
File C:\Users\bcamc\miniconda3\Lib\site-packages\django\contrib\auth\admin.py first seen with mtime 1691213969.099275
File C:\Users\bcamc\miniconda3\Lib\site-packages\django\core\files\uploadhandler.py first seen with mtime 1691213970.5393348
File C:\Users\bcamc\miniconda3\Lib\site-packages\sqlparse\formatter.py first seen with mtime 1682275375.1374803
File C:\Users\bcamc\miniconda3\Lib\site-packages\PIL\ImageMode.py first seen with mtime 1684654408.9829078
File C:\Users\bcamc\miniconda3\Lib\site-packages\django\db\migrations\operations\models.py first seen with mtime 1691213970.6146483
File C:\Users\bcamc\miniconda3\Lib\getpass.py first seen with mtime 1675771545.0
File C:\Users\bcamc\miniconda3\Lib\logging\__init__.py first seen with mtime 1675771545.0
File C:\Users\bcamc\miniconda3\Lib\site-packages\pilkit\__init__.py first seen with mtime 1682275491.3644469
File C:\Users\bcamc\miniconda3\Lib\site-packages\django\utils\translation\trans_null.py first seen with mtime 1691213970.75131
File C:\Users\bcamc\miniconda3\Lib\site-packages\django\template\backends\__init__.py first seen with mtime 1691213970.7109134
File C:\Users\bcamc\miniconda3\Lib\site-packages\PIL\ImageFile.py first seen with mtime 1684654408.9829078
File C:\Users\bcamc\OneDrive\Desktop\Python\projects\django\CoastlineFab\app\views.py first seen with mtime 1691268912.4965103
File C:\Users\bcamc\miniconda3\Lib\site-packages\django\contrib\admin\utils.py first seen with mtime 1691213968.6317184
File C:\Users\bcamc\miniconda3\Lib\site-packages\imagekit\models\__init__.py first seen with mtime 1682275491.4305654
File C:\Users\bcamc\miniconda3\Lib\site-packages\django\contrib\admin\filters.py first seen with mtime 1691213968.6267302
File C:\Users\bcamc\miniconda3\Lib\site-packages\django\contrib\admin\templatetags\admin_urls.py first seen with mtime 1691213968.9681103
File C:\Users\bcamc\miniconda3\Lib\site-packages\django\core\serializers\__init__.py first seen with mtime 1691213970.5657785
File C:\Users\bcamc\miniconda3\Lib\site-packages\appconf\__init__.py first seen with mtime 1682275491.3999822
File C:\Users\bcamc\miniconda3\Lib\site-packages\django\core\servers\__init__.py first seen with mtime 1691213970.5697677
File C:\Users\bcamc\miniconda3\Lib\calendar.py first seen with mtime 1675771545.0
File C:\Users\bcamc\miniconda3\Lib\site-packages\django\db\models\signals.py first seen with mtime 1691213970.6246216
File C:\Users\bcamc\miniconda3\Lib\site-packages\django\template\context.py first seen with mtime 1691213970.7049217
File C:\Users\bcamc\miniconda3\Lib\site-packages\django\core\serializers\base.py first seen with mtime 1691213970.5667756
File C:\Users\bcamc\miniconda3\Lib\multiprocessing\__init__.py first seen with mtime 1675771545.0
File C:\Users\bcamc\miniconda3\Lib\locale.py first seen with mtime 1675771545.0
File C:\Users\bcamc\miniconda3\Lib\email\mime\text.py first seen with mtime 1675771545.0
File C:\Users\bcamc\miniconda3\Lib\site-packages\django\db\models\functions\comparison.py first seen with mtime 1691213970.6306055
File C:\Users\bcamc\miniconda3\Lib\site-packages\material\compat.py first seen with mtime 1682277128.8358226
File C:\Users\bcamc\miniconda3\Lib\site-packages\appconf\base.py first seen with mtime 1682275491.4009795
File C:\Users\bcamc\miniconda3\Lib\site-packages\django\db\migrations\migration.py first seen with mtime 1691213970.606668
File C:\Users\bcamc\miniconda3\Lib\site-packages\django\utils\text.py first seen with mtime 1691213970.7468112
File C:\Users\bcamc\miniconda3\Lib\site-packages\django\core\files\move.py first seen with mtime 1691213970.5363429
File C:\Users\bcamc\miniconda3\Lib\site-packages\cffi\__init__.py first seen with mtime 1671179660.5884492
File C:\Users\bcamc\miniconda3\Lib\email\mime\nonmultipart.py first seen with mtime 1675771545.0
File C:\Users\bcamc\miniconda3\Lib\site-packages\django\core\checks\async_checks.py first seen with mtime 1691213970.5273654
File C:\Users\bcamc\miniconda3\Lib\gettext.py first seen with mtime 1675771545.0
File C:\Users\bcamc\miniconda3\Lib\keyword.py first seen with mtime 1675771545.0
File C:\Users\bcamc\miniconda3\Lib\site-packages\django\contrib\sessions\__init__.py first seen with mtime 1691213970.2246032
File C:\Users\bcamc\OneDrive\Desktop\Python\projects\django\CoastlineFab\coastlinefab\urls.py first seen with mtime 1691268991.369106
File C:\Users\bcamc\miniconda3\Lib\email\_policybase.py first seen with mtime 1675771545.0
File C:\Users\bcamc\miniconda3\Lib\site-packages\sqlparse\engine\statement_splitter.py first seen with mtime 1682275375.1414697
File C:\Users\bcamc\miniconda3\Lib\site-packages\django\contrib\contenttypes\fields.py first seen with mtime 1691213969.2548873
File C:\Users\bcamc\miniconda3\Lib\site-packages\django\views\defaults.py first seen with mtime 1691213970.7543023
File C:\Users\bcamc\miniconda3\Lib\asyncio\format_helpers.py first seen with mtime 1675771545.0
File C:\Users\bcamc\miniconda3\Lib\site-packages\django\utils\lorem_ipsum.py first seen with mtime 1691213970.7438192
File C:\Users\bcamc\miniconda3\Lib\site-packages\imagekit\exceptions.py first seen with mtime 1682275491.422076
File C:\Users\bcamc\miniconda3\Lib\string.py first seen with mtime 1675771545.0
File C:\Users\bcamc\miniconda3\Lib\email\headerregistry.py first seen with mtime 1675771545.0
File C:\Users\bcamc\miniconda3\Lib\email\_encoded_words.py first seen with mtime 1675771545.0
File C:\Users\bcamc\miniconda3\Lib\datetime.py first seen with mtime 1675771545.0
File C:\Users\bcamc\miniconda3\Lib\wsgiref\simple_server.py first seen with mtime 1675771545.0
File C:\Users\bcamc\miniconda3\Lib\site-packages\imagekit\compat.py first seen with mtime 1682275491.4210787
File C:\Users\bcamc\miniconda3\Lib\xml\etree\__init__.py first seen with mtime 1675771545.0
File C:\Users\bcamc\miniconda3\Lib\site-packages\django\core\serializers\python.py first seen with mtime 1691213970.567773
File C:\Users\bcamc\miniconda3\Lib\site-packages\django\contrib\staticfiles\handlers.py first seen with mtime 1691213970.508416
File C:\Users\bcamc\miniconda3\Lib\site-packages\sqlparse\filters\__init__.py first seen with mtime 1682275375.1424668
File C:\Users\bcamc\miniconda3\Lib\site-packages\django\db\models\indexes.py first seen with mtime 1691213970.6206324
File C:\Users\bcamc\miniconda3\Lib\threading.py first seen with mtime 1675771545.0
File C:\Users\bcamc\miniconda3\Lib\site-packages\imagekit\models\fields\files.py first seen with mtime 1682275491.4315624
File C:\Users\bcamc\miniconda3\Lib\site-packages\django\utils\translation\__init__.py first seen with mtime 1691213970.7503114
File C:\Users\bcamc\miniconda3\Lib\site-packages\django\utils\html.py first seen with mtime 1691213970.740851
File C:\Users\bcamc\miniconda3\Lib\site-packages\PIL\ImageStat.py first seen with mtime 1684654408.998518
File C:\Users\bcamc\OneDrive\Desktop\Python\projects\django\CoastlineFab\coastlinefab\settings.py first seen with mtime 1691345879.3696527
File C:\Users\bcamc\miniconda3\Lib\site-packages\django\utils\termcolors.py first seen with mtime 1691213970.7458138
File C:\Users\bcamc\miniconda3\DLLs\_queue.pyd first seen with mtime 1679688168.4257085
File C:\Users\bcamc\miniconda3\DLLs\_sqlite3.pyd first seen with mtime 1679688173.411242
File C:\Users\bcamc\miniconda3\Lib\asyncio\base_futures.py first seen with mtime 1675771545.0
File C:\Users\bcamc\miniconda3\Lib\email\parser.py first seen with mtime 1675771545.0
File C:\Users\bcamc\miniconda3\Lib\difflib.py first seen with mtime 1675771545.0
File C:\Users\bcamc\miniconda3\Lib\site-packages\asgiref\current_thread_executor.py first seen with mtime 1682275375.2015927
File C:\Users\bcamc\miniconda3\Lib\site-packages\django\contrib\auth\__init__.py first seen with mtime 1691213969.0982776
File C:\Users\bcamc\miniconda3\Lib\site-packages\django\core\mail\__init__.py first seen with mtime 1691213970.543324
File C:\Users\bcamc\miniconda3\Lib\site-packages\django\core\signals.py first seen with mtime 1691213970.5184004
File C:\Users\bcamc\miniconda3\Lib\importlib\__init__.py first seen with mtime 1675771545.0
File C:\Users\bcamc\miniconda3\Lib\ctypes\wintypes.py first seen with mtime 1675771545.0
File C:\Users\bcamc\miniconda3\Lib\site-packages\django\db\models\fields\json.py first seen with mtime 1691213970.6266162
File C:\Users\bcamc\miniconda3\Lib\site-packages\imagekit\lib.py first seen with mtime 1682275491.4240706
File C:\Users\bcamc\miniconda3\Lib\site-packages\django\db\backends\sqlite3\__init__.py first seen with mtime 1691213970.596717
File C:\Users\bcamc\miniconda3\Lib\io.py first seen with mtime 1675771545.0
File C:\Users\bcamc\miniconda3\Lib\site-packages\pilkit\processors\__init__.py first seen with mtime 1682275491.3674388
File C:\Users\bcamc\miniconda3\Lib\wsgiref\__init__.py first seen with mtime 1675771545.0
File C:\Users\bcamc\miniconda3\Lib\types.py first seen with mtime 1675771545.0
File C:\Users\bcamc\miniconda3\DLLs\_decimal.pyd first seen with mtime 1679688167.2850735
File C:\Users\bcamc\miniconda3\Lib\site-packages\django\db\backends\sqlite3\base.py first seen with mtime 1691213970.5976918
File C:\Users\bcamc\miniconda3\Lib\tempfile.py first seen with mtime 1675771545.0
File C:\Users\bcamc\miniconda3\Lib\asyncio\windows_events.py first seen with mtime 1675771545.0
File C:\Users\bcamc\miniconda3\Lib\site-packages\django\forms\__init__.py first seen with mtime 1691213970.6396117
File C:\Users\bcamc\miniconda3\Lib\asyncio\windows_utils.py first seen with mtime 1675771545.0
File C:\Users\bcamc\miniconda3\Lib\concurrent\futures\_base.py first seen with mtime 1675771545.0
File C:\Users\bcamc\miniconda3\Lib\site-packages\django\contrib\admin\actions.py first seen with mtime 1691213968.624735
File C:\Users\bcamc\miniconda3\Lib\site-packages\django\db\backends\base\base.py first seen with mtime 1691213970.5747542
File C:\Users\bcamc\miniconda3\Lib\pkgutil.py first seen with mtime 1675771545.0
File C:\Users\bcamc\miniconda3\Lib\nturl2path.py first seen with mtime 1675771545.0
File C:\Users\bcamc\miniconda3\Lib\uuid.py first seen with mtime 1675771545.0
File C:\Users\bcamc\miniconda3\Lib\http\client.py first seen with mtime 1675771545.0
File C:\Users\bcamc\miniconda3\Lib\site-packages\django\contrib\sitemaps\__init__.py first seen with mtime 1691213970.3622844
File C:\Users\bcamc\miniconda3\Lib\site-packages\django\template\loaders\app_directories.py first seen with mtime 1691213970.714895
File C:\Users\bcamc\miniconda3\Lib\codecs.py first seen with mtime 1675771545.0
File C:\Users\bcamc\miniconda3\Lib\site-packages\defusedxml\__init__.py first seen with mtime 1615232387.0
File C:\Users\bcamc\miniconda3\Lib\quopri.py first seen with mtime 1675771545.0
File C:\Users\bcamc\miniconda3\Lib\json\scanner.py first seen with mtime 1675771545.0
File C:\Users\bcamc\miniconda3\Lib\site-packages\django\db\migrations\operations\__init__.py first seen with mtime 1691213970.612667
File C:\Users\bcamc\miniconda3\Lib\contextvars.py first seen with mtime 1675771545.0
File C:\Users\bcamc\miniconda3\Lib\urllib\request.py first seen with mtime 1675771545.0
File C:\Users\bcamc\miniconda3\Lib\urllib\error.py first seen with mtime 1675771545.0
File C:\Users\bcamc\miniconda3\Lib\platform.py first seen with mtime 1679687971.4036674
File C:\Users\bcamc\miniconda3\Lib\site-packages\django\contrib\admin\views\main.py first seen with mtime 1691213968.971102
File C:\Users\bcamc\miniconda3\Lib\site-packages\django\utils\asyncio.py first seen with mtime 1691213970.7308524
File C:\Users\bcamc\miniconda3\Lib\site-packages\django\contrib\staticfiles\management\commands\__init__.py first seen with mtime 1691213970.511408
File C:\Users\bcamc\miniconda3\Lib\site-packages\sqlparse\tokens.py first seen with mtime 1682275375.139498
File C:\Users\bcamc\miniconda3\Lib\site-packages\appconf\utils.py first seen with mtime 1682275491.401977
File C:\Users\bcamc\miniconda3\Lib\site-packages\django\core\handlers\__init__.py first seen with mtime 1691213970.5403323
File C:\Users\bcamc\miniconda3\Lib\importlib\machinery.py first seen with mtime 1675771545.0
File C:\Users\bcamc\miniconda3\Lib\site-packages\django\core\exceptions.py first seen with mtime 1691213970.5173922
File C:\Users\bcamc\miniconda3\Lib\site-packages\django\template\__init__.py first seen with mtime 1691213970.7029269
File C:\Users\bcamc\miniconda3\Lib\site-packages\imagekit\models\fields\__init__.py first seen with mtime 1682275491.4315624
File C:\Users\bcamc\miniconda3\Lib\signal.py first seen with mtime 1675771545.0
File C:\Users\bcamc\miniconda3\Lib\site-packages\django\db\models\constraints.py first seen with mtime 1691213970.6186376
File C:\Users\bcamc\miniconda3\Lib\email\contentmanager.py first seen with mtime 1675771545.0
File C:\Users\bcamc\miniconda3\Lib\site-packages\django\db\migrations\exceptions.py first seen with mtime 1691213970.6036763
File C:\Users\bcamc\miniconda3\Lib\site-packages\django\views\generic\dates.py first seen with mtime 1691213970.7612844
File C:\Users\bcamc\OneDrive\Desktop\Python\projects\django\CoastlineFab\app\urls.py first seen with mtime 1690960953.2872677
File C:\Users\bcamc\miniconda3\Lib\asyncio\base_tasks.py first seen with mtime 1675771545.0
File C:\Users\bcamc\miniconda3\Lib\site-packages\cffi\api.py first seen with mtime 1671179660.5884492
File C:\Users\bcamc\miniconda3\Lib\gzip.py first seen with mtime 1675771545.0
File C:\Users\bcamc\miniconda3\Lib\site-packages\django\db\models\sql\__init__.py first seen with mtime 1691213970.6335976
File C:\Users\bcamc\miniconda3\Lib\site-packages\django\template\base.py first seen with mtime 1691213970.7039242
File C:\Users\bcamc\miniconda3\Lib\site-packages\sqlparse\sql.py first seen with mtime 1682275375.1384776
File C:\Users\bcamc\miniconda3\Lib\asyncio\sslproto.py first seen with mtime 1675771545.0
File C:\Users\bcamc\miniconda3\Lib\base64.py first seen with mtime 1675771545.0
File C:\Users\bcamc\miniconda3\Lib\site-packages\django\urls\__init__.py first seen with mtime 1691213970.7258656
File C:\Users\bcamc\miniconda3\Lib\site-packages\django\utils\_os.py first seen with mtime 1691213970.729855
File C:\Users\bcamc\OneDrive\Desktop\Python\projects\django\CoastlineFab\homepage\apps.py first seen with mtime 1609097855.0
File C:\Users\bcamc\miniconda3\Lib\site-packages\django\utils\numberformat.py first seen with mtime 1691213970.7448165
File C:\Users\bcamc\miniconda3\Lib\site-packages\imagekit\cachefiles\strategies.py first seen with mtime 1682275491.4275715
File C:\Users\bcamc\miniconda3\Lib\typing.py first seen with mtime 1675771545.0
File C:\Users\bcamc\miniconda3\Lib\sre_constants.py first seen with mtime 1675771545.0
File C:\Users\bcamc\miniconda3\Lib\asyncio\base_subprocess.py first seen with mtime 1675771545.0
File C:\Users\bcamc\miniconda3\Lib\site-packages\django\contrib\admin\exceptions.py first seen with mtime 1691213968.6257324
File C:\Users\bcamc\miniconda3\Lib\site-packages\django\contrib\contenttypes\models.py first seen with mtime 1691213969.256882
File C:\Users\bcamc\OneDrive\Desktop\Python\projects\django\CoastlineFab\app\forms.py first seen with mtime 1691268914.468547
File C:\Users\bcamc\miniconda3\DLLs\_uuid.pyd first seen with mtime 1679688170.3796203
File C:\Users\bcamc\miniconda3\Lib\bz2.py first seen with mtime 1675771545.0
File C:\Users\bcamc\miniconda3\Lib\site-packages\django\core\checks\compatibility\django_4_0.py first seen with mtime 1691213970.5323522
File C:\Users\bcamc\miniconda3\Lib\site-packages\django\contrib\staticfiles\finders.py first seen with mtime 1691213970.5074189
File C:\Users\bcamc\miniconda3\Lib\site-packages\django\utils\cache.py first seen with mtime 1691213970.7328467
File C:\Users\bcamc\OneDrive\Desktop\Python\projects\django\CoastlineFab\homepage\views.py first seen with mtime 1691261502.7973826
File C:\Users\bcamc\miniconda3\Lib\email\message.py first seen with mtime 1675771545.0
File C:\Users\bcamc\miniconda3\Lib\encodings\__init__.py first seen with mtime 1675771545.0
File C:\Users\bcamc\miniconda3\Lib\site-packages\django\core\paginator.py first seen with mtime 1691213970.5173922
File C:\Users\bcamc\miniconda3\Lib\site-packages\PIL\TiffTags.py first seen with mtime 1684654409.014149
File C:\Users\bcamc\miniconda3\Lib\contextlib.py first seen with mtime 1675771545.0
File C:\Users\bcamc\miniconda3\Lib\site-packages\django\forms\widgets.py first seen with mtime 1691213970.6445708
File C:\Users\bcamc\miniconda3\Lib\site-packages\django\core\handlers\asgi.py first seen with mtime 1691213970.5403323
File C:\Users\bcamc\miniconda3\Lib\logging\handlers.py first seen with mtime 1675771545.0
File C:\Users\bcamc\miniconda3\Lib\__future__.py first seen with mtime 1675771545.0
File C:\Users\bcamc\miniconda3\Lib\site-packages\sqlparse\filters\others.py first seen with mtime 1682275375.1434956
File C:\Users\bcamc\miniconda3\Lib\site-packages\material\templatetags\material_form.py first seen with mtime 1682277128.995553
File C:\Users\bcamc\miniconda3\DLLs\_lzma.pyd first seen with mtime 1679688172.504928
File C:\Users\bcamc\miniconda3\Lib\email\__init__.py first seen with mtime 1675771545.0
File C:\Users\bcamc\miniconda3\Lib\site-packages\django\db\backends\sqlite3\creation.py first seen with mtime 1691213970.598689
File C:\Users\bcamc\miniconda3\Lib\site-packages\django\contrib\messages\storage\__init__.py first seen with mtime 1691213969.9772403
File C:\Users\bcamc\miniconda3\Lib\posixpath.py first seen with mtime 1675771545.0
File C:\Users\bcamc\miniconda3\Lib\site-packages\django\templatetags\i18n.py first seen with mtime 1691213970.7188842
File C:\Users\bcamc\miniconda3\Lib\asyncio\__init__.py first seen with mtime 1675771545.0
File C:\Users\bcamc\miniconda3\Lib\site-packages\django\db\models\functions\datetime.py first seen with mtime 1691213970.631603
File C:\Users\bcamc\miniconda3\Lib\site-packages\django\views\__init__.py first seen with mtime 1691213970.7523074
File C:\Users\bcamc\miniconda3\Lib\site-packages\sqlparse\utils.py first seen with mtime 1682275375.139498
File C:\Users\bcamc\miniconda3\Lib\zoneinfo\_tzpath.py first seen with mtime 1675771545.0
File C:\Users\bcamc\miniconda3\Lib\site-packages\django\utils\crypto.py first seen with mtime 1691213970.7338443
File C:\Users\bcamc\miniconda3\Lib\site-packages\django\core\checks\security\__init__.py first seen with mtime 1691213970.5323522
File C:\Users\bcamc\miniconda3\Lib\site.py first seen with mtime 1675771545.0
File C:\Users\bcamc\miniconda3\Lib\site-packages\django\contrib\auth\validators.py first seen with mtime 1691213969.109249
File C:\Users\bcamc\OneDrive\Desktop\Python\projects\django\CoastlineFab\contact\apps.py first seen with mtime 1690962222.3745475
File C:\Users\bcamc\miniconda3\DLLs\select.pyd first seen with mtime 1679688165.5812805
File C:\Users\bcamc\miniconda3\Lib\site-packages\django\db\backends\base\creation.py first seen with mtime 1691213970.5757508
File C:\Users\bcamc\miniconda3\Lib\asyncio\proactor_events.py first seen with mtime 1675771545.0
File C:\Users\bcamc\miniconda3\Lib\site-packages\django\db\backends\base\client.py first seen with mtime 1691213970.5757508
File C:\Users\bcamc\miniconda3\Lib\reprlib.py first seen with mtime 1675771545.0
File C:\Users\bcamc\miniconda3\Lib\site-packages\pilkit\processors\utils.py first seen with mtime 1682275491.3704307
File C:\Users\bcamc\miniconda3\Lib\site-packages\django\core\checks\security\base.py first seen with mtime 1691213970.5333495
File C:\Users\bcamc\miniconda3\Lib\site-packages\django\core\checks\security\sessions.py first seen with mtime 1691213970.5343468
File C:\Users\bcamc\miniconda3\Lib\site-packages\django\middleware\security.py first seen with mtime 1691213970.7029269
File C:\Users\bcamc\miniconda3\Lib\site-packages\django\db\backends\base\features.py first seen with mtime 1691213970.5767508
File C:\Users\bcamc\miniconda3\Lib\site-packages\imagekit\admin.py first seen with mtime 1682275491.4210787
File C:\Users\bcamc\miniconda3\Lib\site-packages\dotenv\parser.py first seen with mtime 1691345368.6339555
File C:\Users\bcamc\OneDrive\Desktop\Python\projects\django\CoastlineFab\contact\views.py first seen with mtime 1676931052.226525
File C:\Users\bcamc\miniconda3\DLLs\_bz2.pyd first seen with mtime 1679688170.7077513
File C:\Users\bcamc\miniconda3\Lib\site-packages\django\middleware\cache.py first seen with mtime 1691213970.6979403
File C:\Users\bcamc\miniconda3\Lib\site-packages\django\forms\utils.py first seen with mtime 1691213970.6435735
File C:\Users\bcamc\miniconda3\Lib\site-packages\django\views\csrf.py first seen with mtime 1691213970.753305
File C:\Users\bcamc\miniconda3\Lib\hmac.py first seen with mtime 1675771545.0
File C:\Users\bcamc\miniconda3\Lib\site-packages\django\views\generic\base.py first seen with mtime 1691213970.7602868
File C:\Users\bcamc\miniconda3\Lib\site-packages\asgiref\sync.py first seen with mtime 1682275375.2035875
File C:\Users\bcamc\miniconda3\Lib\site-packages\django\__init__.py first seen with mtime 1691213968.3940628
File C:\Users\bcamc\miniconda3\Lib\site-packages\django\urls\resolvers.py first seen with mtime 1691213970.7288575
File C:\Users\bcamc\miniconda3\Lib\site-packages\django\core\checks\security\csrf.py first seen with mtime 1691213970.5333495
File C:\Users\bcamc\miniconda3\Lib\site-packages\django\db\models\query_utils.py first seen with mtime 1691213970.6236243
File C:\Users\bcamc\miniconda3\Lib\site-packages\django\contrib\staticfiles\apps.py first seen with mtime 1691213970.5064213
File C:\Users\bcamc\miniconda3\Lib\site-packages\sqlparse\engine\grouping.py first seen with mtime 1682275375.1414697
File C:\Users\bcamc\miniconda3\DLLs\_elementtree.pyd first seen with mtime 1679688162.6290052
File C:\Users\bcamc\miniconda3\Lib\site-packages\django\core\files\__init__.py first seen with mtime 1691213970.5353456
File C:\Users\bcamc\miniconda3\Lib\site-packages\django\db\transaction.py first seen with mtime 1691213970.571762
File C:\Users\bcamc\miniconda3\Lib\site-packages\django\utils\itercompat.py first seen with mtime 1691213970.742822
File C:\Users\bcamc\miniconda3\Lib\site-packages\django\forms\boundfield.py first seen with mtime 1691213970.6405823
File C:\Users\bcamc\miniconda3\Lib\site-packages\django\templatetags\static.py first seen with mtime 1691213970.7198944
File C:\Users\bcamc\miniconda3\Lib\site-packages\django\views\decorators\__init__.py first seen with mtime 1691213970.7552993
File C:\Users\bcamc\miniconda3\Lib\_markupbase.py first seen with mtime 1675771545.0
File C:\Users\bcamc\miniconda3\Lib\site-packages\django\db\models\options.py first seen with mtime 1691213970.6226268
File C:\Users\bcamc\miniconda3\Lib\site-packages\django\views\debug.py first seen with mtime 1691213970.753305
File C:\Users\bcamc\miniconda3\Lib\http\cookies.py first seen with mtime 1675771545.0
File C:\Users\bcamc\miniconda3\Lib\site-packages\django\utils\dateparse.py first seen with mtime 1691213970.7348416
File C:\Users\bcamc\miniconda3\Lib\sqlite3\__init__.py first seen with mtime 1675771545.0
File C:\Users\bcamc\miniconda3\Lib\token.py first seen with mtime 1675771545.0
File C:\Users\bcamc\miniconda3\Lib\site-packages\django\contrib\admin\apps.py first seen with mtime 1691213968.624735
File C:\Users\bcamc\miniconda3\Lib\site-packages\django\db\models\sql\query.py first seen with mtime 1691213970.6365938
File C:\Users\bcamc\miniconda3\Lib\site-packages\django\contrib\admin\views\autocomplete.py first seen with mtime 1691213968.9701047
File C:\Users\bcamc\miniconda3\Lib\site-packages\django\contrib\admin\templatetags\admin_modify.py first seen with mtime 1691213968.9671125
File C:\Users\bcamc\miniconda3\Lib\site-packages\django\contrib\staticfiles\views.py first seen with mtime 1691213970.5104108
File C:\Users\bcamc\miniconda3\Lib\site-packages\django\db\models\functions\math.py first seen with mtime 1691213970.631603
File C:\Users\bcamc\miniconda3\Lib\site-packages\django\core\handlers\wsgi.py first seen with mtime 1691213970.5423267
File C:\Users\bcamc\OneDrive\Desktop\Python\projects\django\CoastlineFab\homepage\admin.py first seen with mtime 1679276432.606164
File C:\Users\bcamc\miniconda3\Lib\xml\__init__.py first seen with mtime 1675771545.0
File C:\Users\bcamc\miniconda3\Lib\secrets.py first seen with mtime 1675771545.0
File C:\Users\bcamc\miniconda3\Lib\site-packages\django\contrib\staticfiles\management\__init__.py first seen with mtime 1691213970.5104108
File C:\Users\bcamc\miniconda3\Lib\collections\__init__.py first seen with mtime 1675771545.0
File C:\Users\bcamc\miniconda3\Lib\site-packages\django\db\backends\signals.py first seen with mtime 1691213970.5727596
File C:\Users\bcamc\miniconda3\Lib\dataclasses.py first seen with mtime 1675771545.0
File C:\Users\bcamc\miniconda3\Lib\site-packages\django\contrib\sessions\backends\__init__.py first seen with mtime 1691213970.2286084
File C:\Users\bcamc\miniconda3\Lib\site-packages\django\template\utils.py first seen with mtime 1691213970.7099082
File C:\Users\bcamc\miniconda3\Lib\multiprocessing\process.py first seen with mtime 1675771545.0
File C:\Users\bcamc\miniconda3\Lib\site-packages\django\template\backends\base.py first seen with mtime 1691213970.7109134
File C:\Users\bcamc\miniconda3\Lib\site-packages\django\templatetags\cache.py first seen with mtime 1691213970.7178903
File C:\Users\bcamc\miniconda3\Lib\site-packages\django\db\models\functions\window.py first seen with mtime 1691213970.6335976
File C:\Users\bcamc\miniconda3\Lib\heapq.py first seen with mtime 1675771545.0
File C:\Users\bcamc\miniconda3\Lib\site-packages\django\db\migrations\operations\special.py first seen with mtime 1691213970.6156456
File C:\Users\bcamc\miniconda3\Lib\site-packages\django\utils\autoreload.py first seen with mtime 1691213970.7308524
File C:\Users\bcamc\miniconda3\Lib\site-packages\django\views\decorators\csrf.py first seen with mtime 1691213970.7572942
File C:\Users\bcamc\miniconda3\Lib\site-packages\django\db\models\fields\related_lookups.py first seen with mtime 1691213970.6296082
File C:\Users\bcamc\miniconda3\DLLs\pyexpat.pyd first seen with mtime 1679688168.4257085
File C:\Users\bcamc\miniconda3\Lib\site-packages\cffi\error.py first seen with mtime 1671179660.5884492
File C:\Users\bcamc\miniconda3\Lib\site-packages\sqlparse\lexer.py first seen with mtime 1682275375.1384776
File C:\Users\bcamc\miniconda3\Lib\uu.py first seen with mtime 1675771545.0
File C:\Users\bcamc\miniconda3\Lib\site-packages\django\conf\global_settings.py first seen with mtime 1691213968.400007
File C:\Users\bcamc\miniconda3\Lib\site-packages\django\template\defaulttags.py first seen with mtime 1691213970.7069163
File C:\Users\bcamc\miniconda3\Lib\wsgiref\handlers.py first seen with mtime 1675771545.0
File C:\Users\bcamc\miniconda3\Lib\site-packages\django\views\generic\detail.py first seen with mtime 1691213970.7612844
File C:\Users\bcamc\miniconda3\Lib\site-packages\colorama\ansitowin32.py first seen with mtime 1666700775.0
File C:\Users\bcamc\miniconda3\DLLs\_ctypes.pyd first seen with mtime 1679688175.0996578
File C:\Users\bcamc\miniconda3\Lib\weakref.py first seen with mtime 1675771545.0
File C:\Users\bcamc\miniconda3\Lib\site-packages\django\contrib\staticfiles\management\commands\runserver.py first seen with mtime 1691213970.514409
File C:\Users\bcamc\miniconda3\Lib\site-packages\django\views\decorators\debug.py first seen with mtime 1691213970.7582915
File C:\Users\bcamc\miniconda3\Lib\site-packages\pilkit\exceptions.py first seen with mtime 1682275491.3644469
File C:\Users\bcamc\miniconda3\Lib\site-packages\django\db\models\fields\proxy.py first seen with mtime 1691213970.6276135
File C:\Users\bcamc\miniconda3\Lib\urllib\response.py first seen with mtime 1675771545.0
File C:\Users\bcamc\miniconda3\Lib\site-packages\django\contrib\admin\helpers.py first seen with mtime 1691213968.6287239
File C:\Users\bcamc\miniconda3\Lib\site-packages\django\template\smartif.py first seen with mtime 1691213970.7099082
File C:\Users\bcamc\miniconda3\Lib\site-packages\six.py first seen with mtime 1620240337.0
File C:\Users\bcamc\miniconda3\Lib\xml\etree\ElementTree.py first seen with mtime 1675771545.0
File C:\Users\bcamc\miniconda3\Lib\lzma.py first seen with mtime 1675771545.0
File C:\Users\bcamc\miniconda3\Lib\site-packages\django\contrib\sessions\middleware.py first seen with mtime 1691213970.2265978
File C:\Users\bcamc\miniconda3\Lib\site-packages\imagekit\__init__.py first seen with mtime 1682275491.4200814
File C:\Users\bcamc\miniconda3\Lib\functools.py first seen with mtime 1675771545.0
File C:\Users\bcamc\miniconda3\Lib\site-packages\django\contrib\contenttypes\__init__.py first seen with mtime 1691213969.2528927
File C:\Users\bcamc\miniconda3\Lib\site-packages\material\templatetags\material_form_internal.py first seen with mtime 1682277128.995553
File C:\Users\bcamc\OneDrive\Desktop\Python\projects\django\CoastlineFab\contact\admin.py first seen with mtime 1676930950.1615024
File C:\Users\bcamc\OneDrive\Desktop\Python\projects\django\CoastlineFab\coastlinefab\__init__.py first seen with mtime 1609097035.0
File C:\Users\bcamc\miniconda3\Lib\ast.py first seen with mtime 1675771545.0
File C:\Users\bcamc\miniconda3\Lib\site-packages\django\core\mail\message.py first seen with mtime 1691213970.543324
File C:\Users\bcamc\miniconda3\Lib\asyncio\mixins.py first seen with mtime 1675771545.0
File C:\Users\bcamc\miniconda3\Lib\site-packages\django\db\models\functions\__init__.py first seen with mtime 1691213970.6306055
File C:\Users\bcamc\miniconda3\Lib\linecache.py first seen with mtime 1675771545.0
File C:\Users\bcamc\miniconda3\Lib\site-packages\asgiref\__init__.py first seen with mtime 1682275375.2005954
File C:\Users\bcamc\miniconda3\Lib\site-packages\django\utils\safestring.py first seen with mtime 1691213970.7458138
File C:\Users\bcamc\miniconda3\Lib\traceback.py first seen with mtime 1675771545.0
File C:\Users\bcamc\miniconda3\Lib\email\generator.py first seen with mtime 1675771545.0
File C:\Users\bcamc\miniconda3\Lib\selectors.py first seen with mtime 1675771545.0
File C:\Users\bcamc\miniconda3\Lib\urllib\parse.py first seen with mtime 1675771545.0
File C:\Users\bcamc\OneDrive\Desktop\Python\projects\django\CoastlineFab\homepage\urls.py first seen with mtime 1676931867.1658275
File C:\Users\bcamc\miniconda3\Lib\email\utils.py first seen with mtime 1675771545.0
File C:\Users\bcamc\miniconda3\Lib\copyreg.py first seen with mtime 1675771545.0
File C:\Users\bcamc\miniconda3\Lib\asyncio\threads.py first seen with mtime 1675771545.0
File C:\Users\bcamc\miniconda3\Lib\queue.py first seen with mtime 1675771545.0
File C:\Users\bcamc\miniconda3\Lib\site-packages\django\contrib\sessions\exceptions.py first seen with mtime 1691213970.2265978
File C:\Users\bcamc\miniconda3\Lib\site-packages\django\contrib\admin\decorators.py first seen with mtime 1691213968.6257324
File C:\Users\bcamc\miniconda3\Lib\site-packages\pilkit\pkgmeta.py first seen with mtime 1682275491.3654437
File C:\Users\bcamc\miniconda3\Lib\site-packages\django\db\backends\sqlite3\_functions.py first seen with mtime 1691213970.5976918
File C:\Users\bcamc\miniconda3\Lib\site-packages\django\contrib\admin\options.py first seen with mtime 1691213968.6297212
File C:\Users\bcamc\miniconda3\Lib\site-packages\django\utils\version.py first seen with mtime 1691213970.7488058
File C:\Users\bcamc\miniconda3\Lib\site-packages\django\core\checks\messages.py first seen with mtime 1691213970.52936
File C:\Users\bcamc\miniconda3\DLLs\_overlapped.pyd first seen with mtime 1679688164.0499437
File C:\Users\bcamc\miniconda3\Lib\site-packages\django\core\cache\__init__.py first seen with mtime 1691213970.5203843
File C:\Users\bcamc\miniconda3\Lib\site-packages\django\views\generic\edit.py first seen with mtime 1691213970.7622812
File C:\Users\bcamc\OneDrive\Desktop\Python\projects\django\CoastlineFab\app\admin.py first seen with mtime 1691268913.856949
File C:\Users\bcamc\miniconda3\Lib\site-packages\django\contrib\auth\middleware.py first seen with mtime 1691213969.10526
File C:\Users\bcamc\miniconda3\Lib\site-packages\django\template\loader.py first seen with mtime 1691213970.7079136
File C:\Users\bcamc\miniconda3\Lib\ssl.py first seen with mtime 1675771545.0
File C:\Users\bcamc\miniconda3\Lib\site-packages\django\contrib\sites\apps.py first seen with mtime 1691213970.369266
File C:\Users\bcamc\miniconda3\Lib\site-packages\django\utils\functional.py first seen with mtime 1691213970.7398636
File C:\Users\bcamc\miniconda3\Lib\site-packages\django\db\models\__init__.py first seen with mtime 1691213970.6156456
File C:\Users\bcamc\miniconda3\Lib\asyncio\trsock.py first seen with mtime 1675771545.0
File C:\Users\bcamc\miniconda3\Lib\site-packages\django\contrib\auth\hashers.py first seen with mtime 1691213969.1042655
File C:\Users\bcamc\miniconda3\Lib\site-packages\django\db\backends\base\schema.py first seen with mtime 1691213970.5787425
File C:\Users\bcamc\miniconda3\Lib\site-packages\dotenv\variables.py first seen with mtime 1691345368.6349528
File C:\Users\bcamc\miniconda3\Lib\site-packages\django\conf\__init__.py first seen with mtime 1691213968.3990448
File C:\Users\bcamc\miniconda3\Lib\site-packages\django\utils\deprecation.py first seen with mtime 1691213970.7368388
File C:\Users\bcamc\miniconda3\Lib\site-packages\dotenv\__init__.py first seen with mtime 1691345368.6299658
File C:\Users\bcamc\miniconda3\Lib\site-packages\django\utils\decorators.py first seen with mtime 1691213970.7368388
File C:\Users\bcamc\miniconda3\Lib\site-packages\material\widgets.py first seen with mtime 1682277128.8368206
File C:\Users\bcamc\miniconda3\Lib\site-packages\django\shortcuts.py first seen with mtime 1691213968.395058
File C:\Users\bcamc\miniconda3\Lib\email\header.py first seen with mtime 1675771545.0
File C:\Users\bcamc\miniconda3\Lib\site-packages\django\dispatch\__init__.py first seen with mtime 1691213970.6385877
File C:\Users\bcamc\miniconda3\Lib\site-packages\pilkit\processors\base.py first seen with mtime 1682275491.3674388
File C:\Users\bcamc\miniconda3\Lib\site-packages\django\core\serializers\json.py first seen with mtime 1691213970.5667756
File C:\Users\bcamc\miniconda3\Lib\site-packages\django\utils\tree.py first seen with mtime 1691213970.7488058
File C:\Users\bcamc\miniconda3\Lib\site-packages\django\db\__init__.py first seen with mtime 1691213970.570765
File C:\Users\bcamc\miniconda3\Lib\re.py first seen with mtime 1675771545.0
File C:\Users\bcamc\miniconda3\Lib\statistics.py first seen with mtime 1675771545.0
File C:\Users\bcamc\miniconda3\Lib\site-packages\imagekit\specs\__init__.py first seen with mtime 1682275491.435552
File C:\Users\bcamc\miniconda3\Lib\site-packages\django\core\cache\backends\filebased.py first seen with mtime 1691213970.5243735
File C:\Users\bcamc\miniconda3\Lib\site-packages\django\db\models\sql\subqueries.py first seen with mtime 1691213970.6375892
File C:\Users\bcamc\miniconda3\Lib\html\parser.py first seen with mtime 1675771545.0
File C:\Users\bcamc\miniconda3\Lib\site-packages\sqlparse\filters\output.py first seen with mtime 1682275375.1434956
File C:\Users\bcamc\miniconda3\Lib\site-packages\sqlparse\exceptions.py first seen with mtime 1682275375.136483
File C:\Users\bcamc\miniconda3\Lib\site-packages\django\utils\timesince.py first seen with mtime 1691213970.7468112
File C:\Users\bcamc\miniconda3\Lib\site-packages\defusedxml\ElementTree.py first seen with mtime 1615232387.0
File C:\Users\bcamc\miniconda3\Lib\site-packages\django\contrib\auth\backends.py first seen with mtime 1691213969.1002724
File C:\Users\bcamc\OneDrive\Desktop\Python\projects\django\CoastlineFab\contact\urls.py first seen with mtime 1676932863.0357318
File C:\Users\bcamc\miniconda3\Lib\site-packages\django\db\models\fields\related.py first seen with mtime 1691213970.628611
File C:\Users\bcamc\miniconda3\DLLs\_asyncio.pyd first seen with mtime 1679688157.4223223
File C:\Users\bcamc\miniconda3\Lib\site-packages\sqlparse\filters\tokens.py first seen with mtime 1682275375.145459
File C:\Users\bcamc\miniconda3\Lib\site-packages\django\core\management\color.py first seen with mtime 1691213970.5498185
File C:\Users\bcamc\miniconda3\Lib\asyncio\log.py first seen with mtime 1675771545.0
File C:\Users\bcamc\miniconda3\Lib\site-packages\django\core\checks\files.py first seen with mtime 1691213970.5283628
File C:\Users\bcamc\miniconda3\Lib\site-packages\PIL\Image.py first seen with mtime 1684654408.9829078
File C:\Users\bcamc\miniconda3\Lib\site-packages\pilkit\utils.py first seen with mtime 1682275491.366441
File C:\Users\bcamc\miniconda3\Lib\site-packages\django\core\files\uploadedfile.py first seen with mtime 1691213970.5383375
File C:\Users\bcamc\miniconda3\Lib\site-packages\django\contrib\__init__.py first seen with mtime 1691213968.622741
File C:\Users\bcamc\miniconda3\Lib\site-packages\django\db\models\manager.py first seen with mtime 1691213970.62163
File C:\Users\bcamc\miniconda3\Lib\zoneinfo\_common.py first seen with mtime 1675771545.0
File C:\Users\bcamc\miniconda3\Lib\site-packages\django\contrib\auth\tokens.py first seen with mtime 1691213969.1082506
File C:\Users\bcamc\miniconda3\Lib\pickle.py first seen with mtime 1675771545.0
File C:\Users\bcamc\miniconda3\Lib\site-packages\django\core\cache\backends\__init__.py first seen with mtime 1691213970.5213814
File C:\Users\bcamc\miniconda3\Lib\email\_parseaddr.py first seen with mtime 1675771545.0
File C:\Users\bcamc\miniconda3\Lib\site-packages\django\db\migrations\operations\base.py first seen with mtime 1691213970.613651
File C:\Users\bcamc\miniconda3\Lib\asyncio\streams.py first seen with mtime 1675771545.0
File C:\Users\bcamc\miniconda3\Lib\site-packages\django\utils\translation\trans_real.py first seen with mtime 1691213970.7523074
File C:\Users\bcamc\miniconda3\Lib\site-packages\django\core\__init__.py first seen with mtime 1691213970.5163949
File C:\Users\bcamc\miniconda3\Lib\site-packages\PIL\_imaging.cp310-win_amd64.pyd first seen with mtime 1684654409.014149
File C:\Users\bcamc\miniconda3\Lib\site-packages\django\utils\module_loading.py first seen with mtime 1691213970.7438192
File C:\Users\bcamc\miniconda3\Lib\site-packages\django\core\handlers\base.py first seen with mtime 1691213970.5413294
File C:\Users\bcamc\miniconda3\Lib\site-packages\django\utils\datastructures.py first seen with mtime 1691213970.7338443
File C:\Users\bcamc\miniconda3\Lib\site-packages\django\contrib\sessions\apps.py first seen with mtime 1691213970.2256005
File C:\Users\bcamc\miniconda3\Lib\site-packages\django\views\i18n.py first seen with mtime 1691213970.7543023
File C:\Users\bcamc\miniconda3\Lib\site-packages\django\forms\forms.py first seen with mtime 1691213970.6416078
File C:\Users\bcamc\miniconda3\Lib\inspect.py first seen with mtime 1675771545.0
File C:\Users\bcamc\miniconda3\Lib\site-packages\django\contrib\contenttypes\management\__init__.py first seen with mtime 1691213969.383058
File C:\Users\bcamc\miniconda3\Lib\site-packages\django\core\management\commands\__init__.py first seen with mtime 1691213970.5518148
File C:\Users\bcamc\miniconda3\Lib\site-packages\PIL\ImageEnhance.py first seen with mtime 1684654408.9829078
File C:\Users\bcamc\miniconda3\Lib\site-packages\django\forms\formsets.py first seen with mtime 1691213970.6416078
File C:\Users\bcamc\miniconda3\Lib\site-packages\django\contrib\messages\__init__.py first seen with mtime 1691213969.9722476
File C:\Users\bcamc\miniconda3\Lib\site-packages\django\core\servers\basehttp.py first seen with mtime 1691213970.5697677
File C:\Users\bcamc\miniconda3\Lib\site-packages\django\templatetags\l10n.py first seen with mtime 1691213970.7188842
File C:\Users\bcamc\miniconda3\Lib\genericpath.py first seen with mtime 1675771545.0
File C:\Users\bcamc\miniconda3\Lib\site-packages\django\db\models\functions\mixins.py first seen with mtime 1691213970.6326005
File C:\Users\bcamc\OneDrive\Desktop\Python\projects\django\CoastlineFab\app\__init__.py first seen with mtime 1609364309.0
File C:\Users\bcamc\miniconda3\Lib\site-packages\django\apps\__init__.py first seen with mtime 1691213968.396018
File C:\Users\bcamc\miniconda3\Lib\site-packages\django\contrib\contenttypes\apps.py first seen with mtime 1691213969.2538898
File C:\Users\bcamc\miniconda3\Lib\subprocess.py first seen with mtime 1675771545.0
File C:\Users\bcamc\miniconda3\Lib\site-packages\django\urls\base.py first seen with mtime 1691213970.7258656
File C:\Users\bcamc\miniconda3\Lib\sqlite3\dbapi2.py first seen with mtime 1675771545.0
File C:\Users\bcamc\miniconda3\DLLs\unicodedata.pyd first seen with mtime 1679688169.1605883
File C:\Users\bcamc\miniconda3\Lib\site-packages\colorama\win32.py first seen with mtime 1666700775.0
File C:\Users\bcamc\miniconda3\Lib\site-packages\django\template\loader_tags.py first seen with mtime 1691213970.708911
File C:\Users\bcamc\miniconda3\Lib\site-packages\django\http\cookie.py first seen with mtime 1691213970.6949484
File C:\Users\bcamc\miniconda3\Lib\email\mime\message.py first seen with mtime 1675771545.0
File C:\Users\bcamc\miniconda3\Lib\site-packages\colorama\winterm.py first seen with mtime 1666700775.0
File C:\Users\bcamc\miniconda3\Lib\site-packages\django\template\loaders\__init__.py first seen with mtime 1691213970.7139106
File C:\Users\bcamc\miniconda3\Lib\site-packages\django\db\models\functions\text.py first seen with mtime 1691213970.6335976
File C:\Users\bcamc\miniconda3\Lib\site-packages\django\template\exceptions.py first seen with mtime 1691213970.7069163
File C:\Users\bcamc\miniconda3\Lib\site-packages\django\http\request.py first seen with mtime 1691213970.696943
File C:\Users\bcamc\miniconda3\Lib\site-packages\django\contrib\sites\admin.py first seen with mtime 1691213970.369266
File C:\Users\bcamc\miniconda3\Lib\site-packages\django\contrib\contenttypes\views.py first seen with mtime 1691213969.2578871
File C:\Users\bcamc\miniconda3\Lib\email\policy.py first seen with mtime 1675771545.0
File C:\Users\bcamc\miniconda3\Lib\site-packages\django\template\loaders\base.py first seen with mtime 1691213970.714895
File C:\Users\bcamc\miniconda3\Lib\site-packages\django\templatetags\tz.py first seen with mtime 1691213970.720879
File C:\Users\bcamc\miniconda3\Lib\site-packages\django\contrib\auth\apps.py first seen with mtime 1691213969.099275
File C:\Users\bcamc\miniconda3\Lib\email\errors.py first seen with mtime 1675771545.0
File C:\Users\bcamc\miniconda3\Lib\email\mime\__init__.py first seen with mtime 1675771545.0
File C:\Users\bcamc\miniconda3\Lib\site-packages\django\db\models\fields\files.py first seen with mtime 1691213970.625619
File C:\Users\bcamc\miniconda3\Lib\site-packages\imagekit\cachefiles\__init__.py first seen with mtime 1682275491.4260654
File C:\Users\bcamc\miniconda3\Lib\site-packages\django\views\static.py first seen with mtime 1691213970.7552993
File C:\Users\bcamc\miniconda3\Lib\site-packages\django\urls\exceptions.py first seen with mtime 1691213970.7278602
File C:\Users\bcamc\miniconda3\Lib\site-packages\django\core\mail\utils.py first seen with mtime 1691213970.544322
File C:\Users\bcamc\miniconda3\Lib\site-packages\django\utils\__init__.py first seen with mtime 1691213970.729855
File C:\Users\bcamc\miniconda3\Lib\sre_parse.py first seen with mtime 1675771545.0
File C:\Users\bcamc\miniconda3\Lib\fractions.py first seen with mtime 1675771545.0
File C:\Users\bcamc\miniconda3\Lib\site-packages\django\db\backends\sqlite3\client.py first seen with mtime 1691213970.598689
File C:\Users\bcamc\miniconda3\Lib\asyncio\protocols.py first seen with mtime 1675771545.0
File C:\Users\bcamc\miniconda3\Lib\site-packages\django\conf\urls\__init__.py first seen with mtime 1691213968.6217432
File C:\Users\bcamc\miniconda3\Lib\site-packages\sqlparse\engine\filter_stack.py first seen with mtime 1682275375.1404722
File C:\Users\bcamc\miniconda3\Lib\xml\parsers\expat.py first seen with mtime 1675771545.0
File C:\Users\bcamc\miniconda3\Lib\zoneinfo\__init__.py first seen with mtime 1675771545.0
File C:\Users\bcamc\miniconda3\Lib\asyncio\tasks.py first seen with mtime 1675771545.0
File C:\Users\bcamc\OneDrive\Desktop\Python\projects\django\CoastlineFab\homepage\models.py first seen with mtime 1691261495.4129567
File C:\Users\bcamc\miniconda3\Lib\site-packages\django\core\cache\utils.py first seen with mtime 1691213970.5213814
File C:\Users\bcamc\miniconda3\Lib\fnmatch.py first seen with mtime 1675771545.0
File C:\Users\bcamc\miniconda3\Lib\site-packages\django\contrib\auth\views.py first seen with mtime 1691213969.1102464
File C:\Users\bcamc\miniconda3\Lib\site-packages\django\db\backends\sqlite3\features.py first seen with mtime 1691213970.5996864
File C:\Users\bcamc\miniconda3\Lib\site-packages\django\db\models\enums.py first seen with mtime 1691213970.6196518
File C:\Users\bcamc\miniconda3\Lib\site-packages\sqlparse\filters\reindent.py first seen with mtime 1682275375.1444616
File C:\Users\bcamc\miniconda3\Lib\asyncio\subprocess.py first seen with mtime 1675771545.0
File C:\Users\bcamc\miniconda3\Lib\site-packages\django\contrib\messages\storage\base.py first seen with mtime 1691213969.9772403
File C:\Users\bcamc\miniconda3\Lib\site-packages\django\core\checks\__init__.py first seen with mtime 1691213970.5263681
File C:\Users\bcamc\miniconda3\Lib\site-packages\storages\__init__.py first seen with mtime 1691278071.6568587
File C:\Users\bcamc\miniconda3\Lib\site-packages\imagekit\files.py first seen with mtime 1682275491.4230735
File C:\Users\bcamc\miniconda3\Lib\ctypes\_endian.py first seen with mtime 1675771545.0
File C:\Users\bcamc\miniconda3\Lib\site-packages\django\utils\hashable.py first seen with mtime 1691213970.7398636
File C:\Users\bcamc\miniconda3\Lib\site-packages\asgiref\local.py first seen with mtime 1682275375.2015927
File C:\Users\bcamc\miniconda3\Lib\pathlib.py first seen with mtime 1675771545.0
File C:\Users\bcamc\miniconda3\Lib\email\mime\multipart.py first seen with mtime 1675771545.0
File C:\Users\bcamc\miniconda3\Lib\zipfile.py first seen with mtime 1675771545.0
File C:\Users\bcamc\miniconda3\Lib\asyncio\transports.py first seen with mtime 1675771545.0
File C:\Users\bcamc\miniconda3\Lib\os.py first seen with mtime 1675771545.0
File C:\Users\bcamc\miniconda3\Lib\enum.py first seen with mtime 1675771545.0
File C:\Users\bcamc\miniconda3\Lib\site-packages\django\db\utils.py first seen with mtime 1691213970.571762
File C:\Users\bcamc\miniconda3\Lib\site-packages\cffi\model.py first seen with mtime 1671179660.6040745
File C:\Users\bcamc\miniconda3\Lib\site-packages\django\db\models\fields\related_descriptors.py first seen with mtime 1691213970.628611
File C:\Users\bcamc\miniconda3\Lib\site-packages\django\db\models\fields\reverse_related.py first seen with mtime 1691213970.6296082
File C:\Users\bcamc\miniconda3\Lib\warnings.py first seen with mtime 1675771545.0
File C:\Users\bcamc\miniconda3\Lib\asyncio\exceptions.py first seen with mtime 1675771545.0
File C:\Users\bcamc\miniconda3\Lib\ctypes\__init__.py first seen with mtime 1675771545.0
File C:\Users\bcamc\miniconda3\Lib\html\__init__.py first seen with mtime 1675771545.0
File C:\Users\bcamc\miniconda3\Lib\site-packages\django\contrib\sitemaps\apps.py first seen with mtime 1691213970.363282
File C:\Users\bcamc\miniconda3\DLLs\_ssl.pyd first seen with mtime 1679688177.7254584
File C:\Users\bcamc\miniconda3\Lib\http\server.py first seen with mtime 1675771545.0
File C:\Users\bcamc\miniconda3\Lib\site-packages\imagekit\templatetags\__init__.py first seen with mtime 1682275491.4365492
File C:\Users\bcamc\miniconda3\Lib\site-packages\dotenv\main.py first seen with mtime 1691345368.6329758
File C:\Users\bcamc\miniconda3\Lib\json\encoder.py first seen with mtime 1675771545.0
File C:\Users\bcamc\miniconda3\Lib\site-packages\django\middleware\__init__.py first seen with mtime 1691213970.6979403
File C:\Users\bcamc\miniconda3\Lib\site-packages\django\core\files\base.py first seen with mtime 1691213970.5353456
File C:\Users\bcamc\miniconda3\Lib\site-packages\django\template\backends\django.py first seen with mtime 1691213970.711903
File C:\Users\bcamc\miniconda3\Lib\hashlib.py first seen with mtime 1675771545.0
File C:\Users\bcamc\OneDrive\Desktop\Python\projects\django\CoastlineFab\contact\models.py first seen with mtime 1676930950.166489
File C:\Users\bcamc\miniconda3\Lib\site-packages\pilkit\processors\resize.py first seen with mtime 1682275491.3694458
File C:\Users\bcamc\miniconda3\Lib\shutil.py first seen with mtime 1675771545.0
File C:\Users\bcamc\miniconda3\Lib\site-packages\django\template\autoreload.py first seen with mtime 1691213970.7039242
File C:\Users\bcamc\miniconda3\Lib\site-packages\colorama\initialise.py first seen with mtime 1666700775.0
File C:\Users\bcamc\miniconda3\Lib\site-packages\django\core\wsgi.py first seen with mtime 1691213970.5193868
File C:\Users\bcamc\miniconda3\Lib\site-packages\django\views\decorators\cache.py first seen with mtime 1691213970.7562969
File C:\Users\bcamc\miniconda3\Lib\_collections_abc.py first seen with mtime 1675771545.0
File C:\Users\bcamc\miniconda3\Lib\site-packages\imagekit\models\fields\utils.py first seen with mtime 1682275491.4325597
File C:\Users\bcamc\miniconda3\Lib\_compression.py first seen with mtime 1675771545.0
File C:\Users\bcamc\miniconda3\Lib\site-packages\django\contrib\admin\templatetags\__init__.py first seen with mtime 1691213968.9651184
File C:\Users\bcamc\miniconda3\Lib\site-packages\django\core\files\storage.py first seen with mtime 1691213970.537341
File C:\Users\bcamc\miniconda3\Lib\sysconfig.py first seen with mtime 1679687958.427581
File C:\Users\bcamc\miniconda3\Lib\site-packages\django\contrib\staticfiles\checks.py first seen with mtime 1691213970.5074189
File C:\Users\bcamc\miniconda3\Lib\socket.py first seen with mtime 1675771545.0
File C:\Users\bcamc\miniconda3\Lib\site-packages\django\db\models\deletion.py first seen with mtime 1691213970.6196518
File C:\Users\bcamc\miniconda3\Lib\site-packages\django\contrib\messages\api.py first seen with mtime 1691213969.9722476
File C:\Users\bcamc\miniconda3\Lib\site-packages\django\contrib\sessions\backends\base.py first seen with mtime 1691213970.2295897
File C:\Users\bcamc\miniconda3\Lib\site-packages\django\core\validators.py first seen with mtime 1691213970.5193868
File C:\Users\bcamc\miniconda3\Lib\asyncio\locks.py first seen with mtime 1675771545.0
File C:\Users\bcamc\miniconda3\Lib\site-packages\django\db\backends\sqlite3\operations.py first seen with mtime 1691213970.6006937
File C:\Users\bcamc\miniconda3\Lib\site-packages\django\utils\dateformat.py first seen with mtime 1691213970.7348416
File C:\Users\bcamc\miniconda3\Lib\email\quoprimime.py first seen with mtime 1675771545.0
File C:\Users\bcamc\miniconda3\Lib\tokenize.py first seen with mtime 1675771545.0
File C:\Users\bcamc\miniconda3\Lib\site-packages\django\db\models\fields\__init__.py first seen with mtime 1691213970.625619
File C:\Users\bcamc\miniconda3\DLLs\_zoneinfo.pyd first seen with mtime 1679688157.3283978
File C:\Users\bcamc\miniconda3\Lib\site-packages\django\contrib\sessions\base_session.py first seen with mtime 1691213970.2256005
File C:\Users\bcamc\miniconda3\Lib\site-packages\material\base.py first seen with mtime 1682277128.8348255
File C:\Users\bcamc\miniconda3\Lib\site-packages\django\urls\utils.py first seen with mtime 1691213970.7288575
File C:\Users\bcamc\miniconda3\Lib\site-packages\django\contrib\messages\utils.py first seen with mtime 1691213969.97524
File C:\Users\bcamc\OneDrive\Desktop\Python\projects\django\CoastlineFab\app\models.py first seen with mtime 1691212509.2610917
File C:\Users\bcamc\miniconda3\Lib\site-packages\defusedxml\common.py first seen with mtime 1615232387.0
File C:\Users\bcamc\miniconda3\Lib\site-packages\django\contrib\admin\checks.py first seen with mtime 1691213968.6257324
File C:\Users\bcamc\miniconda3\Lib\site-packages\django\db\backends\base\operations.py first seen with mtime 1691213970.5777452
File C:\Users\bcamc\miniconda3\Lib\site-packages\django\urls\conf.py first seen with mtime 1691213970.726863
File C:\Users\bcamc\miniconda3\Lib\site-packages\django\templatetags\__init__.py first seen with mtime 1691213970.7168896
File C:\Users\bcamc\miniconda3\Lib\bisect.py first seen with mtime 1675771545.0
File C:\Users\bcamc\miniconda3\Lib\site-packages\django\contrib\admin\models.py first seen with mtime 1691213968.6287239
File C:\Users\bcamc\miniconda3\Lib\site-packages\django\dispatch\dispatcher.py first seen with mtime 1691213970.6385877
File C:\Users\bcamc\miniconda3\Lib\encodings\utf_8.py first seen with mtime 1675771545.0
File C:\Users\bcamc\miniconda3\Lib\site-packages\django\contrib\auth\signals.py first seen with mtime 1691213969.1082506
File C:\Users\bcamc\miniconda3\Lib\site-packages\django\template\response.py first seen with mtime 1691213970.708911
File C:\Users\bcamc\miniconda3\Lib\site-packages\PIL\__init__.py first seen with mtime 1684654409.014149
File C:\Users\bcamc\miniconda3\Lib\site-packages\PIL\ExifTags.py first seen with mtime 1684654408.967288
File C:\Users\bcamc\miniconda3\Lib\http\__init__.py first seen with mtime 1675771545.0
File C:\Users\bcamc\miniconda3\Lib\site-packages\imagekit\specs\sourcegroups.py first seen with mtime 1682275491.435552
File C:\Users\bcamc\miniconda3\Lib\site-packages\django\core\management\commands\runserver.py first seen with mtime 1691213970.5597935
File C:\Users\bcamc\miniconda3\Lib\asyncio\base_events.py first seen with mtime 1675771545.0
File C:\Users\bcamc\miniconda3\Lib\site-packages\PIL\_version.py first seen with mtime 1684654409.0297794
File C:\Users\bcamc\miniconda3\Lib\site-packages\django\contrib\admin\sites.py first seen with mtime 1691213968.6307533
File C:\Users\bcamc\miniconda3\Lib\site-packages\django\core\checks\templates.py first seen with mtime 1691213970.5303574
File C:\Users\bcamc\miniconda3\Lib\_compat_pickle.py first seen with mtime 1675771545.0
File C:\Users\bcamc\miniconda3\Lib\site-packages\django\utils\timezone.py first seen with mtime 1691213970.7478085
File C:\Users\bcamc\miniconda3\Lib\site-packages\django\core\files\locks.py first seen with mtime 1691213970.5363429
File C:\Users\bcamc\miniconda3\Lib\site-packages\imagekit\hashers.py first seen with mtime 1682275491.4240706
File C:\Users\bcamc\miniconda3\Lib\site-packages\django\template\engine.py first seen with mtime 1691213970.7069163
File C:\Users\bcamc\miniconda3\Lib\asyncio\staggered.py first seen with mtime 1675771545.0
File C:\Users\bcamc\miniconda3\Lib\email\base64mime.py first seen with mtime 1675771545.0
File C:\Users\bcamc\miniconda3\Lib\site-packages\django\core\files\images.py first seen with mtime 1691213970.5353456
File C:\Users\bcamc\miniconda3\Lib\site-packages\pilkit\processors\crop.py first seen with mtime 1682275491.3684351
File C:\Users\bcamc\miniconda3\Lib\site-packages\django\db\backends\sqlite3\schema.py first seen with mtime 1691213970.6016812
File C:\Users\bcamc\miniconda3\Lib\site-packages\PIL\ImageChops.py first seen with mtime 1684654408.9829078
File C:\Users\bcamc\miniconda3\Lib\site-packages\django\db\backends\__init__.py first seen with mtime 1691213970.571762
File C:\Users\bcamc\miniconda3\Lib\site-packages\pilkit\lib.py first seen with mtime 1682275491.3654437
File C:\Users\bcamc\miniconda3\Lib\site-packages\django\core\management\__init__.py first seen with mtime 1691213970.5483117
File C:\Users\bcamc\miniconda3\Lib\mimetypes.py first seen with mtime 1675771545.0
File C:\Users\bcamc\miniconda3\Lib\email\charset.py first seen with mtime 1675771545.0
File C:\Users\bcamc\OneDrive\Desktop\Python\projects\django\CoastlineFab\homepage\__init__.py first seen with mtime 1609097855.0
File C:\Users\bcamc\miniconda3\Lib\asyncio\futures.py first seen with mtime 1675771545.0
File C:\Users\bcamc\miniconda3\Lib\logging\config.py first seen with mtime 1675771545.0
File C:\Users\bcamc\miniconda3\Lib\site-packages\django\db\models\sql\constants.py first seen with mtime 1691213970.6355965
File C:\Users\bcamc\miniconda3\Lib\site-packages\django\contrib\sites\requests.py first seen with mtime 1691213970.3732622
File C:\Users\bcamc\miniconda3\Lib\site-packages\django\core\management\base.py first seen with mtime 1691213970.5483117
File C:\Users\bcamc\miniconda3\Lib\site-packages\django\http\response.py first seen with mtime 1691213970.696943
File C:\Users\bcamc\miniconda3\Lib\asyncio\runners.py first seen with mtime 1675771545.0
File C:\Users\bcamc\miniconda3\Lib\site-packages\django\contrib\sites\management.py first seen with mtime 1691213970.3702776
File C:\Users\bcamc\miniconda3\Lib\multiprocessing\reduction.py first seen with mtime 1675771545.0
File C:\Users\bcamc\miniconda3\Lib\site-packages\django\contrib\messages\constants.py first seen with mtime 1691213969.9742515
File C:\Users\bcamc\miniconda3\Lib\site-packages\django\utils\http.py first seen with mtime 1691213970.740851
File C:\Users\bcamc\miniconda3\Lib\glob.py first seen with mtime 1675771545.0
File C:\Users\bcamc\miniconda3\Lib\site-packages\django\contrib\contenttypes\forms.py first seen with mtime 1691213969.256882
File C:\Users\bcamc\miniconda3\Lib\site-packages\django\db\models\base.py first seen with mtime 1691213970.6166437
File C:\Users\bcamc\miniconda3\Lib\site-packages\imagekit\processors\__init__.py first seen with mtime 1682275491.4325597
File C:\Users\bcamc\miniconda3\Lib\site-packages\django\template\loaders\cached.py first seen with mtime 1691213970.7158923
File C:\Users\bcamc\miniconda3\Lib\dis.py first seen with mtime 1675771545.0
File C:\Users\bcamc\miniconda3\Lib\site-packages\django\conf\locale\__init__.py first seen with mtime 1691213968.4055376
File C:\Users\bcamc\miniconda3\Lib\site-packages\django\contrib\admin\templatetags\admin_list.py first seen with mtime 1691213968.9661164
File C:\Users\bcamc\miniconda3\Lib\site-packages\django\core\files\utils.py first seen with mtime 1691213970.5393348
File C:\Users\bcamc\miniconda3\Lib\argparse.py first seen with mtime 1675771545.0
File C:\Users\bcamc\miniconda3\Lib\site-packages\django\core\handlers\exception.py first seen with mtime 1691213970.5413294
File C:\Users\bcamc\miniconda3\Lib\site-packages\django\views\generic\list.py first seen with mtime 1691213970.7622812
File C:\Users\bcamc\miniconda3\Lib\importlib\util.py first seen with mtime 1675771545.0
File C:\Users\bcamc\miniconda3\Lib\site-packages\django\db\backends\ddl_references.py first seen with mtime 1691213970.5727596
File C:\Users\bcamc\miniconda3\Lib\site-packages\sqlparse\__init__.py first seen with mtime 1682275375.1354856
File C:\Users\bcamc\miniconda3\Lib\site-packages\PIL\ImageFilter.py first seen with mtime 1684654408.9829078
File C:\Users\bcamc\miniconda3\Lib\site-packages\cffi\lock.py first seen with mtime 1671179660.6040745
File C:\Users\bcamc\miniconda3\Lib\site-packages\django\db\backends\sqlite3\introspection.py first seen with mtime 1691213970.6006937
File C:\Users\bcamc\miniconda3\Lib\json\decoder.py first seen with mtime 1675771545.0
File C:\Users\bcamc\miniconda3\Lib\site-packages\django\core\checks\translation.py first seen with mtime 1691213970.5313547
File C:\Users\bcamc\miniconda3\Lib\site-packages\django\utils\log.py first seen with mtime 1691213970.742822
File C:\Users\bcamc\miniconda3\Lib\asyncio\queues.py first seen with mtime 1675771545.0
File C:\Users\bcamc\miniconda3\Lib\site-packages\imagekit\pkgmeta.py first seen with mtime 1682275491.4240706
File C:\Users\bcamc\miniconda3\Lib\site-packages\django\contrib\auth\forms.py first seen with mtime 1691213969.1032639
File C:\Users\bcamc\miniconda3\Lib\email\iterators.py first seen with mtime 1675771545.0
File C:\Users\bcamc\miniconda3\Lib\site-packages\django\contrib\sites\checks.py first seen with mtime 1691213970.3702776
File C:\Users\bcamc\miniconda3\Lib\site-packages\django\urls\converters.py first seen with mtime 1691213970.726863
File C:\Users\bcamc\miniconda3\Lib\wsgiref\util.py first seen with mtime 1675771545.0
File C:\Users\bcamc\miniconda3\Lib\site-packages\django\utils\dates.py first seen with mtime 1691213970.735877
File C:\Users\bcamc\miniconda3\Lib\site-packages\sqlparse\cli.py first seen with mtime 1682275375.136483
File C:\Users\bcamc\miniconda3\Lib\importlib\_abc.py first seen with mtime 1675771545.0
File C:\Users\bcamc\miniconda3\Lib\site-packages\django\apps\registry.py first seen with mtime 1691213968.398013
File C:\Users\bcamc\miniconda3\Lib\site-packages\django\db\backends\base\introspection.py first seen with mtime 1691213970.5777452
File C:\Users\bcamc\miniconda3\Lib\site-packages\django\contrib\sites\models.py first seen with mtime 1691213970.3722599
File C:\Users\bcamc\miniconda3\Lib\site-packages\django\contrib\sites\shortcuts.py first seen with mtime 1691213970.3742528
File C:\Users\bcamc\miniconda3\Lib\email\encoders.py first seen with mtime 1675771545.0
File C:\Users\bcamc\OneDrive\Desktop\Python\projects\django\CoastlineFab\contact\__init__.py first seen with mtime 1676930950.1694834
File C:\Users\bcamc\miniconda3\Lib\site-packages\django\forms\fields.py first seen with mtime 1691213970.6405823
File C:\Users\bcamc\miniconda3\Lib\site-packages\django\db\models\fields\mixins.py first seen with mtime 1691213970.6266162
File C:\Users\bcamc\miniconda3\Lib\abc.py first seen with mtime 1675771545.0
File C:\Users\bcamc\miniconda3\Lib\site-packages\django\db\migrations\state.py first seen with mtime 1691213970.6106596
File C:\Users\bcamc\miniconda3\Lib\site-packages\PIL\_util.py first seen with mtime 1684654409.0297794
File C:\Users\bcamc\miniconda3\Lib\site-packages\colorama\__init__.py first seen with mtime 1666700775.0
File C:\Users\bcamc\miniconda3\Lib\asyncio\constants.py first seen with mtime 1675771545.0
File C:\Users\bcamc\miniconda3\Lib\socketserver.py first seen with mtime 1675771545.0
File C:\Users\bcamc\miniconda3\Lib\site-packages\PIL\ImageDraw.py first seen with mtime 1684654408.9829078
File C:\Users\bcamc\miniconda3\Lib\site-packages\django\db\backends\base\__init__.py first seen with mtime 1691213970.5747542
File C:\Users\bcamc\miniconda3\Lib\site-packages\django\db\models\aggregates.py first seen with mtime 1691213970.6166437
File C:\Users\bcamc\miniconda3\Lib\site-packages\django\db\models\sql\datastructures.py first seen with mtime 1691213970.6355965
File C:\Users\bcamc\miniconda3\Lib\site-packages\django\db\models\sql\where.py first seen with mtime 1691213970.6375892
File C:\Users\bcamc\miniconda3\Lib\site-packages\django\http\multipartparser.py first seen with mtime 1691213970.6959455
File C:\Users\bcamc\miniconda3\Lib\site-packages\django\core\cache\backends\base.py first seen with mtime 1691213970.5223792
File C:\Users\bcamc\miniconda3\Lib\site-packages\django\db\backends\base\validation.py first seen with mtime 1691213970.5787425
File C:\Users\bcamc\miniconda3\Lib\site-packages\sqlparse\filters\aligned_indent.py first seen with mtime 1682275375.1424668
File C:\Users\bcamc\miniconda3\Lib\decimal.py first seen with mtime 1675771545.0
File C:\Users\bcamc\miniconda3\Lib\site-packages\django\db\migrations\__init__.py first seen with mtime 1691213970.6026785
File C:\Users\bcamc\miniconda3\Lib\site-packages\django\views\decorators\common.py first seen with mtime 1691213970.7572942
File C:\Users\bcamc\miniconda3\Lib\site-packages\django\db\models\expressions.py first seen with mtime 1691213970.6206324
File C:\Users\bcamc\miniconda3\Lib\site-packages\django\core\checks\compatibility\__init__.py first seen with mtime 1691213970.5313547
File C:\Users\bcamc\miniconda3\Lib\site-packages\sqlparse\keywords.py first seen with mtime 1682275375.1374803
File C:\Users\bcamc\miniconda3\Lib\opcode.py first seen with mtime 1675771545.0
File C:\Users\bcamc\miniconda3\Lib\encodings\aliases.py first seen with mtime 1675771545.0
File C:\Users\bcamc\miniconda3\Lib\site-packages\django\contrib\staticfiles\__init__.py first seen with mtime 1691213970.5064213
File C:\Users\bcamc\miniconda3\Lib\site-packages\django\db\migrations\operations\fields.py first seen with mtime 1691213970.6146483
File C:\Users\bcamc\miniconda3\Lib\asyncio\selector_events.py first seen with mtime 1675771545.0
File C:\Users\bcamc\miniconda3\Lib\asyncio\coroutines.py first seen with mtime 1675771545.0
File C:\Users\bcamc\miniconda3\Lib\site-packages\django\core\checks\caches.py first seen with mtime 1691213970.5273654
File C:\Users\bcamc\miniconda3\Lib\site-packages\django\db\models\lookups.py first seen with mtime 1691213970.62163
File C:\Users\bcamc\miniconda3\Lib\site-packages\PIL\_binary.py first seen with mtime 1684654409.014149
File C:\Users\bcamc\miniconda3\Lib\site-packages\PIL\ImageColor.py first seen with mtime 1684654408.9829078
File C:\Users\bcamc\miniconda3\Lib\site-packages\django\template\defaultfilters.py first seen with mtime 1691213970.705919
File C:\Users\bcamc\miniconda3\Lib\site-packages\imagekit\utils.py first seen with mtime 1682275491.4260654
File C:\Users\bcamc\miniconda3\Lib\site-packages\PIL\_deprecate.py first seen with mtime 1684654409.014149
File C:\Users\bcamc\miniconda3\Lib\site-packages\django\forms\renderers.py first seen with mtime 1691213970.6435735
File C:\Users\bcamc\miniconda3\Lib\xml\parsers\__init__.py first seen with mtime 1675771545.0
File C:\Users\bcamc\miniconda3\Lib\site-packages\django\contrib\admin\__init__.py first seen with mtime 1691213968.6237378
File C:\Users\bcamc\miniconda3\Lib\site-packages\django\core\checks\registry.py first seen with mtime 1691213970.5303574
File C:\Users\bcamc\miniconda3\Lib\email\_header_value_parser.py first seen with mtime 1675771545.0
File C:\Users\bcamc\miniconda3\Lib\site-packages\django\utils\duration.py first seen with mtime 1691213970.7378705
File C:\Users\bcamc\miniconda3\Lib\site-packages\django\contrib\auth\password_validation.py first seen with mtime 1691213969.1072545
File C:\Users\bcamc\miniconda3\Lib\site-packages\django\contrib\auth\base_user.py first seen with mtime 1691213969.1002724
File C:\Users\bcamc\miniconda3\Lib\site-packages\imagekit\conf.py first seen with mtime 1682275491.422076
File C:\Users\bcamc\miniconda3\Lib\urllib\__init__.py first seen with mtime 1675771545.0
File C:\Users\bcamc\miniconda3\Lib\site-packages\django\utils\deconstruct.py first seen with mtime 1691213970.735877
File C:\Users\bcamc\miniconda3\Lib\_weakrefset.py first seen with mtime 1675771545.0
File C:\Users\bcamc\miniconda3\DLLs\_hashlib.pyd first seen with mtime 1679688175.0996578
File C:\Users\bcamc\miniconda3\Lib\site-packages\django\db\models\query.py first seen with mtime 1691213970.6236243
File C:\Users\bcamc\miniconda3\Lib\site-packages\django\utils\formats.py first seen with mtime 1691213970.738868
File C:\Users\bcamc\miniconda3\Lib\site-packages\django\utils\connection.py first seen with mtime 1691213970.7328467
File C:\Users\bcamc\miniconda3\Lib\site-packages\pilkit\processors\overlay.py first seen with mtime 1682275491.3694458
File C:\Users\bcamc\miniconda3\Lib\multiprocessing\context.py first seen with mtime 1675771545.0
File C:\Users\bcamc\miniconda3\Lib\site-packages\django\contrib\admin\templatetags\log.py first seen with mtime 1691213968.9691072
File C:\Users\bcamc\miniconda3\Lib\site-packages\django\utils\inspect.py first seen with mtime 1691213970.7418253
File C:\Users\bcamc\miniconda3\Lib\ntpath.py first seen with mtime 1675771545.0
File C:\Users\bcamc\miniconda3\Lib\site-packages\colorama\ansi.py first seen with mtime 1666700775.0
File C:\Users\bcamc\miniconda3\Lib\site-packages\django\conf\urls\static.py first seen with mtime 1691213968.622741
File C:\Users\bcamc\miniconda3\Lib\site-packages\django\contrib\sessions\models.py first seen with mtime 1691213970.227595
File C:\Users\bcamc\miniconda3\Lib\site-packages\django\utils\ipv6.py first seen with mtime 1691213970.7418253
File C:\Users\bcamc\miniconda3\Lib\struct.py first seen with mtime 1675771545.0
File C:\Users\bcamc\miniconda3\Lib\site-packages\sqlparse\filters\right_margin.py first seen with mtime 1682275375.145459
File C:\Users\bcamc\miniconda3\Lib\xml\etree\ElementPath.py first seen with mtime 1675771545.0
File C:\Users\bcamc\miniconda3\Lib\encodings\cp1252.py first seen with mtime 1675771545.0
File C:\Users\bcamc\miniconda3\Lib\site-packages\django\contrib\auth\management\__init__.py first seen with mtime 1691213969.2424092
File C:\Users\bcamc\miniconda3\Lib\site-packages\django\contrib\contenttypes\checks.py first seen with mtime 1691213969.2548873
File C:\Users\bcamc\miniconda3\Lib\email\mime\base.py first seen with mtime 1675771545.0
File C:\Users\bcamc\miniconda3\Lib\site-packages\django\db\backends\utils.py first seen with mtime 1691213970.573757
File C:\Users\bcamc\miniconda3\Lib\concurrent\futures\thread.py first seen with mtime 1675771545.0
File C:\Users\bcamc\OneDrive\Desktop\Python\projects\django\coastlinefab\coastlinefab\templates\base.html first seen with mtime 1691302179.303289
File C:\Users\bcamc\miniconda3\lib\site-packages\material\templates\material first seen with mtime 1691213215.384179
File C:\Users\bcamc\miniconda3\lib\site-packages\material\templates\material\fields first seen with mtime 1682277128.991564
File C:\Users\bcamc\miniconda3\lib\site-packages\material\templates\material\field_errors.html first seen with mtime 1682277128.9815907
File C:\Users\bcamc\miniconda3\lib\site-packages\material\templates\material\form.html first seen with mtime 1682277128.9825876
File C:\Users\bcamc\miniconda3\lib\site-packages\material\templates\material\includes first seen with mtime 1682277128.9925616
File C:\Users\bcamc\miniconda3\lib\site-packages\material\templates\material\layout first seen with mtime 1682277128.9945557
File C:\Users\bcamc\miniconda3\lib\site-packages\material\templates\material\non_field_errors.html first seen with mtime 1682277128.9825876
File C:\Users\bcamc\miniconda3\lib\site-packages\material\templates\material\fields\django_checkboxinput.html first seen with mtime 1682277128.98459
File C:\Users\bcamc\miniconda3\lib\site-packages\material\templates\material\fields\django_checkboxselectmultiple.html first seen with mtime 1682277128.98459
File C:\Users\bcamc\miniconda3\lib\site-packages\material\templates\material\fields\django_clearablefileinput.html first seen with mtime 1682277128.98558
File C:\Users\bcamc\miniconda3\lib\site-packages\material\templates\material\fields\django_dateinput.html first seen with mtime 1682277128.98558
File C:\Users\bcamc\miniconda3\lib\site-packages\material\templates\material\fields\django_datetimeinput.html first seen with mtime 1682277128.98558
File C:\Users\bcamc\miniconda3\lib\site-packages\material\templates\material\fields\django_fileinput.html first seen with mtime 1682277128.9865768
File C:\Users\bcamc\miniconda3\lib\site-packages\material\templates\material\fields\django_input.html first seen with mtime 1682277128.9865768
File C:\Users\bcamc\miniconda3\lib\site-packages\material\templates\material\fields\django_nullbooleanselect.html first seen with mtime 1682277128.9875746
File C:\Users\bcamc\miniconda3\lib\site-packages\material\templates\material\fields\django_radioselect.html first seen with mtime 1682277128.9875746
File C:\Users\bcamc\miniconda3\lib\site-packages\material\templates\material\fields\django_select.html first seen with mtime 1682277128.9885716
File C:\Users\bcamc\miniconda3\lib\site-packages\material\templates\material\fields\django_selectdatewidget.html first seen with mtime 1682277128.9885716
File C:\Users\bcamc\miniconda3\lib\site-packages\material\templates\material\fields\django_selectmultiple.html first seen with mtime 1682277128.989586
File C:\Users\bcamc\miniconda3\lib\site-packages\material\templates\material\fields\django_splitdatetimewidget.html first seen with mtime 1682277128.989586
File C:\Users\bcamc\miniconda3\lib\site-packages\material\templates\material\fields\django_textarea.html first seen with mtime 1682277128.9905663
File C:\Users\bcamc\miniconda3\lib\site-packages\material\templates\material\fields\django_timeinput.html first seen with mtime 1682277128.991564
File C:\Users\bcamc\miniconda3\lib\site-packages\material\templates\material\fields\_django_rangeinput.html first seen with mtime 1682277128.9835856
File C:\Users\bcamc\miniconda3\lib\site-packages\material\templates\material\includes\material_css.html first seen with mtime 1682277128.991564
File C:\Users\bcamc\miniconda3\lib\site-packages\material\templates\material\includes\material_js.html first seen with mtime 1682277128.9925616
File C:\Users\bcamc\miniconda3\lib\site-packages\material\templates\material\layout\column.html first seen with mtime 1682277128.9925616
File C:\Users\bcamc\miniconda3\lib\site-packages\material\templates\material\layout\fieldset.html first seen with mtime 1682277128.9935586
File C:\Users\bcamc\miniconda3\lib\site-packages\material\templates\material\layout\layout.html first seen with mtime 1682277128.9935586
File C:\Users\bcamc\miniconda3\lib\site-packages\material\templates\material\layout\row.html first seen with mtime 1682277128.9945557
File C:\Users\bcamc\OneDrive\Desktop\Python\projects\django\coastlinefab\contact\templates\contact.html first seen with mtime 1691307101.2056124
File C:\Users\bcamc\OneDrive\Desktop\Python\projects\django\coastlinefab\homepage\templates\homepage.html first seen with mtime 1691306564.558954
File C:\Users\bcamc\miniconda3\lib\site-packages\imagekit\templates\imagekit first seen with mtime 1682275491.4365492
File C:\Users\bcamc\miniconda3\lib\site-packages\imagekit\templates\imagekit\admin first seen with mtime 1682275491.4365492
File C:\Users\bcamc\miniconda3\lib\site-packages\imagekit\templates\imagekit\admin\thumbnail.html first seen with mtime 1682275491.4365492
File C:\Users\bcamc\OneDrive\Desktop\Python\projects\django\coastlinefab\app\templates\app first seen with mtime 1691270497.0738716
File C:\Users\bcamc\OneDrive\Desktop\Python\projects\django\coastlinefab\app\templates\gallery.html first seen with mtime 1691344995.798818
File C:\Users\bcamc\OneDrive\Desktop\Python\projects\django\coastlinefab\app\templates\handler404.html first seen with mtime 1609364321.0
File C:\Users\bcamc\OneDrive\Desktop\Python\projects\django\coastlinefab\app\templates\layout.html first seen with mtime 1691302740.981316
File C:\Users\bcamc\OneDrive\Desktop\Python\projects\django\coastlinefab\app\templates\app\album_detail.html first seen with mtime 1691342900.9691987
File C:\Users\bcamc\miniconda3\Lib\site-packages\django\contrib\auth\migrations\0004_alter_user_username_opts.py first seen with mtime 1691213969.2454011
File C:\Users\bcamc\miniconda3\Lib\site-packages\django\contrib\contenttypes\migrations\0001_initial.py first seen with mtime 1691213969.385052
File C:\Users\bcamc\miniconda3\Lib\stringprep.py first seen with mtime 1675771545.0
File C:\Users\bcamc\OneDrive\Desktop\Python\projects\django\CoastlineFab\homepage\migrations\0001_initial.py first seen with mtime 1691259823.9990556
File C:\Users\bcamc\miniconda3\Lib\encodings\idna.py first seen with mtime 1675771545.0
File C:\Users\bcamc\miniconda3\Lib\site-packages\django\contrib\contenttypes\migrations\__init__.py first seen with mtime 1691213969.385052
File C:\Users\bcamc\miniconda3\Lib\site-packages\django\db\migrations\loader.py first seen with mtime 1691213970.606668
File C:\Users\bcamc\miniconda3\Lib\site-packages\django\contrib\auth\migrations\0006_require_contenttypes_0002.py first seen with mtime 1691213969.2469065
File C:\Users\bcamc\miniconda3\Lib\site-packages\django\middleware\clickjacking.py first seen with mtime 1691213970.6989377
File C:\Users\bcamc\miniconda3\Lib\site-packages\django\contrib\admin\migrations\0002_logentry_remove_auto_add.py first seen with mtime 1691213968.864873
File C:\Users\bcamc\OneDrive\Desktop\Python\projects\django\CoastlineFab\homepage\migrations\__init__.py first seen with mtime 1609097855.0
File C:\Users\bcamc\miniconda3\Lib\site-packages\django\middleware\common.py first seen with mtime 1691213970.6999357
File C:\Users\bcamc\miniconda3\Lib\site-packages\django\contrib\auth\migrations\0003_alter_user_email_max_length.py first seen with mtime 1691213969.2454011
File C:\Users\bcamc\miniconda3\Lib\site-packages\django\contrib\auth\migrations\0005_alter_user_last_login_null.py first seen with mtime 1691213969.2454011
File C:\Users\bcamc\miniconda3\Lib\site-packages\django\contrib\auth\migrations\0001_initial.py first seen with mtime 1691213969.2444048
File C:\Users\bcamc\OneDrive\Desktop\Python\projects\django\CoastlineFab\app\migrations\0001_initial.py first seen with mtime 1691268951.202719
File C:\Users\bcamc\miniconda3\Lib\site-packages\django\db\models\sql\compiler.py first seen with mtime 1691213970.6345954
File C:\Users\bcamc\miniconda3\Lib\site-packages\django\contrib\auth\migrations\__init__.py first seen with mtime 1691213969.2508972
File C:\Users\bcamc\miniconda3\Lib\site-packages\django\contrib\admin\migrations\__init__.py first seen with mtime 1691213968.8658705
File C:\Users\bcamc\OneDrive\Desktop\Python\projects\django\CoastlineFab\app\migrations\__init__.py first seen with mtime 1690960523.9599724
File C:\Users\bcamc\miniconda3\Lib\site-packages\django\contrib\sessions\migrations\__init__.py first seen with mtime 1691213970.361287
File C:\Users\bcamc\miniconda3\Lib\site-packages\django\contrib\auth\migrations\0007_alter_validators_add_error_messages.py first seen with mtime 1691213969.2479055
File C:\Users\bcamc\miniconda3\Lib\site-packages\django\contrib\sites\migrations\__init__.py first seen with mtime 1691213970.505424
File C:\Users\bcamc\OneDrive\Desktop\Python\projects\django\CoastlineFab\homepage\migrations\0002_alter_slide_slug.py first seen with mtime 1691261511.9630413
File C:\Users\bcamc\miniconda3\Lib\site-packages\django\contrib\sessions\backends\db.py first seen with mtime 1691213970.230587
File C:\Users\bcamc\miniconda3\Lib\site-packages\django\db\migrations\recorder.py first seen with mtime 1691213970.6086626
File C:\Users\bcamc\OneDrive\Desktop\Python\projects\django\CoastlineFab\coastlinefab\wsgi.py first seen with mtime 1609097035.0
File C:\Users\bcamc\OneDrive\Desktop\Python\projects\django\CoastlineFab\contact\migrations\__init__.py first seen with mtime 1676930950.1704793
File C:\Users\bcamc\miniconda3\Lib\site-packages\django\contrib\admin\migrations\0001_initial.py first seen with mtime 1691213968.863875
File C:\Users\bcamc\miniconda3\Lib\site-packages\django\contrib\sessions\migrations\0001_initial.py first seen with mtime 1691213970.361287
File C:\Users\bcamc\miniconda3\Lib\site-packages\django\core\cache\backends\locmem.py first seen with mtime 1691213970.5243735
File C:\Users\bcamc\miniconda3\Lib\site-packages\django\contrib\auth\migrations\0012_alter_user_first_name_max_length.py first seen with mtime 1691213969.2498999
File C:\Users\bcamc\miniconda3\Lib\site-packages\django\contrib\auth\migrations\0010_alter_group_name_max_length.py first seen with mtime 1691213969.2489023
File C:\Users\bcamc\miniconda3\Lib\site-packages\django\contrib\auth\migrations\0009_alter_user_last_name_max_length.py first seen with mtime 1691213969.2489023
File C:\Users\bcamc\miniconda3\Lib\site-packages\django\contrib\sites\migrations\0001_initial.py first seen with mtime 1691213970.505424
File C:\Users\bcamc\miniconda3\Lib\site-packages\django\contrib\auth\migrations\0008_alter_user_username_max_length.py first seen with mtime 1691213969.2479055
File C:\Users\bcamc\miniconda3\Lib\site-packages\django\contrib\auth\migrations\0011_update_proxy_permissions.py first seen with mtime 1691213969.2498999
File C:\Users\bcamc\miniconda3\Lib\site-packages\django\contrib\admin\migrations\0003_logentry_add_action_flag_choices.py first seen with mtime 1691213968.864873
File C:\Users\bcamc\miniconda3\Lib\site-packages\django\contrib\auth\migrations\0002_alter_permission_name_max_length.py first seen with mtime 1691213969.2444048
File C:\Users\bcamc\miniconda3\Lib\site-packages\django\contrib\messages\middleware.py first seen with mtime 1691213969.97524
File C:\Users\bcamc\miniconda3\Lib\site-packages\django\db\migrations\executor.py first seen with mtime 1691213970.6046994
File C:\Users\bcamc\miniconda3\Lib\site-packages\django\contrib\contenttypes\migrations\0002_remove_content_type_name.py first seen with mtime 1691213969.385052
File C:\Users\bcamc\miniconda3\Lib\site-packages\django\contrib\sites\migrations\0002_alter_domain_unique.py first seen with mtime 1691213970.505424
File C:\Users\bcamc\miniconda3\Lib\site-packages\django\db\migrations\graph.py first seen with mtime 1691213970.6056707
